C:\USERS\USER\DOCUMENTS\VISUAL STUDIO 2012\PROJECTS\PHARMACY\PHARMACY\DEBUG\BUY_BILL.OBJ
C:\USERS\USER\DOCUMENTS\VISUAL STUDIO 2012\PROJECTS\PHARMACY\PHARMACY\DEBUG\SOURCE.OBJ
C:\USERS\USER\DOCUMENTS\VISUAL STUDIO 2012\PROJECTS\PHARMACY\PHARMACY\DEBUG\VC110.PDB
C:\USERS\USER\DOCUMENTS\VISUAL STUDIO 2012\PROJECTS\PHARMACY\PHARMACY\DEBUG\DRUG.OBJ
C:\USERS\USER\DOCUMENTS\VISUAL STUDIO 2012\PROJECTS\PHARMACY\PHARMACY\DEBUG\CUSTOMER.OBJ
C:\USERS\USER\DOCUMENTS\VISUAL STUDIO 2012\PROJECTS\PHARMACY\PHARMACY\DEBUG\SELL_BILL.OBJ
C:\USERS\USER\DOCUMENTS\VISUAL STUDIO 2012\PROJECTS\PHARMACY\DEBUG\PHARMACY.ILK
C:\USERS\USER\DOCUMENTS\VISUAL STUDIO 2012\PROJECTS\PHARMACY\DEBUG\PHARMACY.EXE
C:\USERS\USER\DOCUMENTS\VISUAL STUDIO 2012\PROJECTS\PHARMACY\DEBUG\PHARMACY.PDB
C:\Users\user\Documents\Visual Studio 2012\Projects\pharmacy\pharmacy\Debug\Buy_Bill.obj
C:\Users\user\Documents\Visual Studio 2012\Projects\pharmacy\pharmacy\Debug\Customer.obj
C:\Users\user\Documents\Visual Studio 2012\Projects\pharmacy\pharmacy\Debug\Drug.obj
C:\Users\user\Documents\Visual Studio 2012\Projects\pharmacy\pharmacy\Debug\Sell_Bill.obj
C:\Users\user\Documents\Visual Studio 2012\Projects\pharmacy\pharmacy\Debug\Source.obj
C:\Users\user\Documents\Visual Studio 2012\Projects\pharmacy\pharmacy\Debug\cl.command.1.tlog
C:\Users\user\Documents\Visual Studio 2012\Projects\pharmacy\pharmacy\Debug\CL.read.1.tlog
C:\Users\user\Documents\Visual Studio 2012\Projects\pharmacy\pharmacy\Debug\CL.write.1.tlog
C:\Users\user\Documents\Visual Studio 2012\Projects\pharmacy\pharmacy\Debug\link-cvtres.read.1.tlog
C:\Users\user\Documents\Visual Studio 2012\Projects\pharmacy\pharmacy\Debug\link-cvtres.write.1.tlog
C:\Users\user\Documents\Visual Studio 2012\Projects\pharmacy\pharmacy\Debug\link-rc.read.1.tlog
C:\Users\user\Documents\Visual Studio 2012\Projects\pharmacy\pharmacy\Debug\link-rc.write.1.tlog
C:\Users\user\Documents\Visual Studio 2012\Projects\pharmacy\pharmacy\Debug\link.3652-cvtres.read.1.tlog
C:\Users\user\Documents\Visual Studio 2012\Projects\pharmacy\pharmacy\Debug\link.3652-cvtres.write.1.tlog
C:\Users\user\Documents\Visual Studio 2012\Projects\pharmacy\pharmacy\Debug\link.3652-rc.read.1.tlog
C:\Users\user\Documents\Visual Studio 2012\Projects\pharmacy\pharmacy\Debug\link.3652-rc.write.1.tlog
C:\Users\user\Documents\Visual Studio 2012\Projects\pharmacy\pharmacy\Debug\link.3652.read.1.tlog
C:\Users\user\Documents\Visual Studio 2012\Projects\pharmacy\pharmacy\Debug\link.3652.write.1.tlog
C:\Users\user\Documents\Visual Studio 2012\Projects\pharmacy\pharmacy\Debug\link.4932-cvtres.read.1.tlog
C:\Users\user\Documents\Visual Studio 2012\Projects\pharmacy\pharmacy\Debug\link.4932-cvtres.write.1.tlog
C:\Users\user\Documents\Visual Studio 2012\Projects\pharmacy\pharmacy\Debug\link.4932-rc.read.1.tlog
C:\Users\user\Documents\Visual Studio 2012\Projects\pharmacy\pharmacy\Debug\link.4932-rc.write.1.tlog
C:\Users\user\Documents\Visual Studio 2012\Projects\pharmacy\pharmacy\Debug\link.4932.read.1.tlog
C:\Users\user\Documents\Visual Studio 2012\Projects\pharmacy\pharmacy\Debug\link.4932.write.1.tlog
C:\Users\user\Documents\Visual Studio 2012\Projects\pharmacy\pharmacy\Debug\link.6368-cvtres.read.1.tlog
C:\Users\user\Documents\Visual Studio 2012\Projects\pharmacy\pharmacy\Debug\link.6368-cvtres.write.1.tlog
C:\Users\user\Documents\Visual Studio 2012\Projects\pharmacy\pharmacy\Debug\link.6368-rc.read.1.tlog
C:\Users\user\Documents\Visual Studio 2012\Projects\pharmacy\pharmacy\Debug\link.6368-rc.write.1.tlog
C:\Users\user\Documents\Visual Studio 2012\Projects\pharmacy\pharmacy\Debug\link.6368.read.1.tlog
C:\Users\user\Documents\Visual Studio 2012\Projects\pharmacy\pharmacy\Debug\link.6368.write.1.tlog
C:\Users\user\Documents\Visual Studio 2012\Projects\pharmacy\pharmacy\Debug\link.8712-cvtres.read.1.tlog
C:\Users\user\Documents\Visual Studio 2012\Projects\pharmacy\pharmacy\Debug\link.8712-cvtres.write.1.tlog
C:\Users\user\Documents\Visual Studio 2012\Projects\pharmacy\pharmacy\Debug\link.8712-rc.read.1.tlog
C:\Users\user\Documents\Visual Studio 2012\Projects\pharmacy\pharmacy\Debug\link.8712-rc.write.1.tlog
C:\Users\user\Documents\Visual Studio 2012\Projects\pharmacy\pharmacy\Debug\link.8712.read.1.tlog
C:\Users\user\Documents\Visual Studio 2012\Projects\pharmacy\pharmacy\Debug\link.8712.write.1.tlog
C:\Users\user\Documents\Visual Studio 2012\Projects\pharmacy\pharmacy\Debug\link.command.1.tlog
C:\Users\user\Documents\Visual Studio 2012\Projects\pharmacy\pharmacy\Debug\link.read.1.tlog
C:\Users\user\Documents\Visual Studio 2012\Projects\pharmacy\pharmacy\Debug\link.write.1.tlog
C:\Users\user\Documents\Visual Studio 2012\Projects\pharmacy\pharmacy\Debug\vc110.idb
C:\Users\user\Documents\Visual Studio 2012\Projects\pharmacy\pharmacy\Debug\vc110.pdb
C:\Users\user\Documents\Visual Studio 2012\Projects\pharmacy\Debug\pharmacy.pdb
C:\Users\user\Documents\Visual Studio 2012\Projects\pharmacy\Debug\pharmacy.exe
C:\Users\user\Documents\Visual Studio 2012\Projects\pharmacy\Debug\pharmacy.ilk
